<?xml version="1.0" encoding="UTF-8"?>
<!-- Generated by org.testng.reporters.JUnitXMLReporter -->
<testsuite hostname="DESKTOP-KCVLOK6" failures="3" tests="18" name="CalculatorTestTestngSuite" time="0.386" errors="0" timestamp="24 Mar 2022 16:24:28 GMT">
  <testcase classname="examplePackageForTestNg.CalculatorTest2" name="add1Test" time="0.027"/>
  <testcase classname="examplePackageForTestNg.CalculatorTest" name="add1Test" time="0.01">
    <failure type="java.lang.AssertionError" message="expected [10] but found [111]">
      <![CDATA[java.lang.AssertionError: expected [10] but found [111]
	at examplePackageForTestNg.CalculatorTest.add1Test(CalculatorTest.java:13)
... Removed 29 stack frames]]>
    </failure>
  </testcase> <!-- add1Test -->
  <testcase classname="examplePackageForTestNg.CalculatorTest3" name="add2Test" time="0.014"/>
  <testcase classname="examplePackageForTestNg.CalculatorTest3" name="add1Test" time="0.009"/>
  <testcase classname="examplePackageForTestNg.CalculatorTest2" name="add3Test" time="0.016"/>
  <testcase classname="examplePackageForTestNg.CalculatorTest" name="add3Test" time="0.006"/>
  <testcase classname="examplePackageForTestNg.CalculatorTest2" name="add2Test" time="0.006">
    <failure type="java.lang.AssertionError" message="expected [9] but found [11]">
      <![CDATA[java.lang.AssertionError: expected [9] but found [11]
	at examplePackageForTestNg.CalculatorTest2.add2Test(CalculatorTest2.java:20)
... Removed 29 stack frames]]>
    </failure>
  </testcase> <!-- add2Test -->
  <testcase classname="examplePackageForTestNg.CalculatorTest" name="add2Test" time="0.004">
    <failure type="java.lang.AssertionError" message="expected [9] but found [11]">
      <![CDATA[java.lang.AssertionError: expected [9] but found [11]
	at examplePackageForTestNg.CalculatorTest.add2Test(CalculatorTest.java:18)
... Removed 29 stack frames]]>
    </failure>
  </testcase> <!-- add2Test -->
  <testcase classname="examplePackageForTestNg.CalculatorTest2" name="sub1Test" time="0.009"/>
  <testcase classname="examplePackageForTestNg.CalculatorTest" name="sub1Test" time="0.011"/>
  <testcase classname="examplePackageForTestNg.CalculatorTest2" name="sub2Test" time="0.01"/>
  <testcase classname="examplePackageForTestNg.CalculatorTest" name="sub2Test" time="0.01"/>
  <testcase classname="examplePackageForTestNg.CalculatorTest2" name="mul1Test" time="0.004"/>
  <testcase classname="examplePackageForTestNg.CalculatorTest" name="mul1Test" time="0.004"/>
  <testcase classname="examplePackageForTestNg.CalculatorTest2" name="devideByZeroTest" time="0.003"/>
  <testcase classname="examplePackageForTestNg.CalculatorTest" name="devideByZeroTest" time="0.004"/>
  <testcase classname="examplePackageForTestNg.CalculatorTest2" name="add4Test" time="0.002">
    <skipped/>
  </testcase> <!-- add4Test -->
  <testcase classname="examplePackageForTestNg.CalculatorTest" name="add4Test" time="0.001">
    <skipped/>
  </testcase> <!-- add4Test -->
</testsuite> <!-- CalculatorTestTestngSuite -->
