<!DOCTYPE html PUBLIC "-//W3C//DTD XHTML 1.1//EN" "http://www.w3.org/TR/xhtml11/DTD/xhtml11.dtd">
<html xmlns="http://www.w3.org/1999/xhtml"><head><title>TestNG Report</title><style type="text/css">table {margin-bottom:10px;border-collapse:collapse;empty-cells:show}th,td {border:1px solid #009;padding:.25em .5em}th {vertical-align:bottom}td {vertical-align:top}table a {font-weight:bold}.stripe td {background-color: #E6EBF9}.num {text-align:right}.passedodd td {background-color: #3F3}.passedeven td {background-color: #0A0}.skippedodd td {background-color: #DDD}.skippedeven td {background-color: #CCC}.failedodd td,.attn {background-color: #F33}.failedeven td,.stripe .attn {background-color: #D00}.stacktrace {white-space:pre;font-family:monospace}.totop {font-size:85%;text-align:center;border-bottom:2px solid #000}</style></head><body><table><tr><th>Test</th><th># Passed</th><th># Skipped</th><th># Failed</th><th>Time (ms)</th><th>Included Groups</th><th>Excluded Groups</th></tr><tr><th colspan="7">Suite</th></tr><tr><td><a href="#t0">CalculatorTestTestngSuite1</a></td><td class="num">18</td><td class="num attn">2</td><td class="num attn">4</td><td class="num">456</td><td></td><td></td></tr><tr class="stripe"><td><a href="#t1">CalculatorTestTestngSuite2</a></td><td class="num">3</td><td class="num">0</td><td class="num">0</td><td class="num">40</td><td></td><td></td></tr><tr><td><a href="#t2">CalculatorTestTestngSuiteForGroupExample</a></td><td class="num">0</td><td class="num">0</td><td class="num">0</td><td class="num">3</td><td>AdditionTests, SubstractionTests</td><td></td></tr><tr><th>Total</th><th class="num">21</th><th class="num attn">2</th><th class="num attn">4</th><th class="num">499</th><th colspan="2"></th></tr></table><table><thead><tr><th>Class</th><th>Method</th><th>Start</th><th>Time (ms)</th></tr></thead><tbody><tr><th colspan="4">Suite</th></tr></tbody><tbody id="t0"><tr><th colspan="4">CalculatorTestTestngSuite1 &#8212; failed</th></tr><tr class="failedeven"><td rowspan="2">examplePackageForTestNg.CalculatorTest</td><td><a href="#m0">add1Test</a></td><td rowspan="1">1648144267518</td><td rowspan="1">39</td></tr><tr class="failedeven"><td><a href="#m1">add2Test</a></td><td rowspan="1">1648144267627</td><td rowspan="1">17</td></tr><tr class="failedodd"><td rowspan="2">examplePackageForTestNg.CalculatorTest2</td><td><a href="#m2">add0TestDP</a></td><td rowspan="1">1648144267761</td><td rowspan="1">5</td></tr><tr class="failedodd"><td><a href="#m3">add2Test</a></td><td rowspan="1">1648144267599</td><td rowspan="1">17</td></tr><tr><th colspan="4">CalculatorTestTestngSuite1 &#8212; skipped</th></tr><tr class="skippedeven"><td rowspan="1">examplePackageForTestNg.CalculatorTest</td><td><a href="#m4">add4Test</a></td><td rowspan="1">1648144267815</td><td rowspan="1">2</td></tr><tr class="skippedodd"><td rowspan="1">examplePackageForTestNg.CalculatorTest2</td><td><a href="#m5">add4Test</a></td><td rowspan="1">1648144267819</td><td rowspan="1">0</td></tr><tr><th colspan="4">CalculatorTestTestngSuite1 &#8212; passed</th></tr><tr class="passedeven"><td rowspan="5">examplePackageForTestNg.CalculatorTest</td><td><a href="#m6">add3Test</a></td><td rowspan="1">1648144267507</td><td rowspan="1">82</td></tr><tr class="passedeven"><td><a href="#m7">devideByZeroTest</a></td><td rowspan="1">1648144267794</td><td rowspan="1">39</td></tr><tr class="passedeven"><td><a href="#m8">mul1Test</a></td><td rowspan="1">1648144267720</td><td rowspan="1">77</td></tr><tr class="passedeven"><td><a href="#m9">sub1Test</a></td><td rowspan="1">1648144267662</td><td rowspan="1">38</td></tr><tr class="passedeven"><td><a href="#m10">sub2Test</a></td><td rowspan="1">1648144267696</td><td rowspan="1">149</td></tr><tr class="passedodd"><td rowspan="10">examplePackageForTestNg.CalculatorTest2</td><td><a href="#m11">add0TestDP</a></td><td rowspan="4">1648144267778</td><td rowspan="4">8</td></tr><tr class="passedodd"><td><a href="#m12">add0TestDP</a></td></tr><tr class="passedodd"><td><a href="#m13">add0TestDP</a></td></tr><tr class="passedodd"><td><a href="#m14">add0TestDP</a></td></tr><tr class="passedodd"><td><a href="#m15">add1Test</a></td><td rowspan="1">1648144267510</td><td rowspan="1">13</td></tr><tr class="passedodd"><td><a href="#m16">add3Test</a></td><td rowspan="1">1648144267515</td><td rowspan="1">75</td></tr><tr class="passedodd"><td><a href="#m17">devideByZeroTest</a></td><td rowspan="1">1648144267788</td><td rowspan="1">11</td></tr><tr class="passedodd"><td><a href="#m18">mul1Test</a></td><td rowspan="1">1648144267709</td><td rowspan="1">4</td></tr><tr class="passedodd"><td><a href="#m19">sub1Test</a></td><td rowspan="1">1648144267649</td><td rowspan="1">4</td></tr><tr class="passedodd"><td><a href="#m20">sub2Test</a></td><td rowspan="1">1648144267676</td><td rowspan="1">7</td></tr><tr class="passedeven"><td rowspan="3">examplePackageForTestNg.CalculatorTest3</td><td><a href="#m21">add0Test</a></td><td rowspan="1">1648144267468</td><td rowspan="1">29</td></tr><tr class="passedeven"><td><a href="#m22">add1Test</a></td><td rowspan="1">1648144267597</td><td rowspan="1">210</td></tr><tr class="passedeven"><td><a href="#m23">add2Test</a></td><td rowspan="1">1648144267530</td><td rowspan="1">8</td></tr></tbody><tbody id="t1"><tr><th colspan="4">CalculatorTestTestngSuite2 &#8212; passed</th></tr><tr class="passedeven"><td rowspan="3">examplePackageForTestNg.CalculatorTest3</td><td><a href="#m24">add0Test</a></td><td rowspan="1">1648144268135</td><td rowspan="1">4</td></tr><tr class="passedeven"><td><a href="#m25">add1Test</a></td><td rowspan="1">1648144268146</td><td rowspan="1">4</td></tr><tr class="passedeven"><td><a href="#m26">add2Test</a></td><td rowspan="1">1648144268155</td><td rowspan="1">3</td></tr></tbody><tbody id="t2"></tbody></table><h2>CalculatorTestTestngSuite1</h2><h3 id="m0">examplePackageForTestNg.CalculatorTest#add1Test</h3><table class="result"><tr><th>Exception</th></tr><tr><td><div class="stacktrace">java.lang.AssertionError: expected [10] but found [111]
	at examplePackageForTestNg.CalculatorTest.add1Test(CalculatorTest.java:13)
	at java.base/java.util.concurrent.ThreadPoolExecutor.runWorker(ThreadPoolExecutor.java:1136)
	at java.base/java.util.concurrent.ThreadPoolExecutor$Worker.run(ThreadPoolExecutor.java:635)
	at java.base/java.lang.Thread.run(Thread.java:833)
... Removed 15 stack frames</div></td></tr></table><p class="totop"><a href="#summary">back to summary</a></p><h3 id="m1">examplePackageForTestNg.CalculatorTest#add2Test</h3><table class="result"><tr><th>Exception</th></tr><tr><td><div class="stacktrace">java.lang.AssertionError: expected [9] but found [11]
	at examplePackageForTestNg.CalculatorTest.add2Test(CalculatorTest.java:18)
	at java.base/java.util.concurrent.ThreadPoolExecutor.runWorker(ThreadPoolExecutor.java:1136)
	at java.base/java.util.concurrent.ThreadPoolExecutor$Worker.run(ThreadPoolExecutor.java:635)
	at java.base/java.lang.Thread.run(Thread.java:833)
... Removed 15 stack frames</div></td></tr></table><p class="totop"><a href="#summary">back to summary</a></p><h3 id="m2">examplePackageForTestNg.CalculatorTest2#add0TestDP</h3><table class="result"><tr class="param"><th>Parameter #1</th><th>Parameter #2</th><th>Parameter #3</th></tr><tr class="param stripe"><td>11</td><td>5</td><td>5</td></tr><tr><th colspan="3">Exception</th></tr><tr><td colspan="3"><div class="stacktrace">java.lang.AssertionError: expected [10] but found [11]
	at examplePackageForTestNg.CalculatorTest2.add0TestDP(CalculatorTest2.java:59)
	at java.base/java.util.concurrent.ThreadPoolExecutor.runWorker(ThreadPoolExecutor.java:1136)
	at java.base/java.util.concurrent.ThreadPoolExecutor$Worker.run(ThreadPoolExecutor.java:635)
	at java.base/java.lang.Thread.run(Thread.java:833)
... Removed 15 stack frames</div></td></tr></table><p class="totop"><a href="#summary">back to summary</a></p><h3 id="m3">examplePackageForTestNg.CalculatorTest2#add2Test</h3><table class="result"><tr><th>Exception</th></tr><tr><td><div class="stacktrace">java.lang.AssertionError: expected [9] but found [11]
	at examplePackageForTestNg.CalculatorTest2.add2Test(CalculatorTest2.java:21)
	at java.base/java.util.concurrent.ThreadPoolExecutor.runWorker(ThreadPoolExecutor.java:1136)
	at java.base/java.util.concurrent.ThreadPoolExecutor$Worker.run(ThreadPoolExecutor.java:635)
	at java.base/java.lang.Thread.run(Thread.java:833)
... Removed 15 stack frames</div></td></tr></table><p class="totop"><a href="#summary">back to summary</a></p><h3 id="m4">examplePackageForTestNg.CalculatorTest#add4Test</h3><table class="result"></table><p class="totop"><a href="#summary">back to summary</a></p><h3 id="m5">examplePackageForTestNg.CalculatorTest2#add4Test</h3><table class="result"></table><p class="totop"><a href="#summary">back to summary</a></p><h3 id="m6">examplePackageForTestNg.CalculatorTest#add3Test</h3><table class="result"></table><p class="totop"><a href="#summary">back to summary</a></p><h3 id="m7">examplePackageForTestNg.CalculatorTest#devideByZeroTest</h3><table class="result"><tr><th>Expected Exception</th></tr><tr><td><div class="stacktrace">java.lang.ArithmeticException: / by zero
	at examplePackageForTestNg.Calculator.div1(Calculator.java:21)
	at examplePackageForTestNg.CalculatorTest.devideByZeroTest(CalculatorTest.java:50)
	at java.base/java.util.concurrent.ThreadPoolExecutor.runWorker(ThreadPoolExecutor.java:1136)
	at java.base/java.util.concurrent.ThreadPoolExecutor$Worker.run(ThreadPoolExecutor.java:635)
	at java.base/java.lang.Thread.run(Thread.java:833)
... Removed 10 stack frames</div></td></tr></table><p class="totop"><a href="#summary">back to summary</a></p><h3 id="m8">examplePackageForTestNg.CalculatorTest#mul1Test</h3><table class="result"></table><p class="totop"><a href="#summary">back to summary</a></p><h3 id="m9">examplePackageForTestNg.CalculatorTest#sub1Test</h3><table class="result"></table><p class="totop"><a href="#summary">back to summary</a></p><h3 id="m10">examplePackageForTestNg.CalculatorTest#sub2Test</h3><table class="result"></table><p class="totop"><a href="#summary">back to summary</a></p><h3 id="m11">examplePackageForTestNg.CalculatorTest2#add0TestDP</h3><table class="result"><tr class="param"><th>Parameter #1</th><th>Parameter #2</th><th>Parameter #3</th></tr><tr class="param stripe"><td>10</td><td>9</td><td>1</td></tr></table><p class="totop"><a href="#summary">back to summary</a></p><h3 id="m12">examplePackageForTestNg.CalculatorTest2#add0TestDP</h3><table class="result"><tr class="param"><th>Parameter #1</th><th>Parameter #2</th><th>Parameter #3</th></tr><tr class="param stripe"><td>9</td><td>5</td><td>4</td></tr></table><p class="totop"><a href="#summary">back to summary</a></p><h3 id="m13">examplePackageForTestNg.CalculatorTest2#add0TestDP</h3><table class="result"><tr class="param"><th>Parameter #1</th><th>Parameter #2</th><th>Parameter #3</th></tr><tr class="param stripe"><td>10</td><td>5</td><td>5</td></tr></table><p class="totop"><a href="#summary">back to summary</a></p><h3 id="m14">examplePackageForTestNg.CalculatorTest2#add0TestDP</h3><table class="result"><tr class="param"><th>Parameter #1</th><th>Parameter #2</th><th>Parameter #3</th></tr><tr class="param stripe"><td>8</td><td>4</td><td>4</td></tr></table><p class="totop"><a href="#summary">back to summary</a></p><h3 id="m15">examplePackageForTestNg.CalculatorTest2#add1Test</h3><table class="result"></table><p class="totop"><a href="#summary">back to summary</a></p><h3 id="m16">examplePackageForTestNg.CalculatorTest2#add3Test</h3><table class="result"></table><p class="totop"><a href="#summary">back to summary</a></p><h3 id="m17">examplePackageForTestNg.CalculatorTest2#devideByZeroTest</h3><table class="result"><tr><th>Expected Exception</th></tr><tr><td><div class="stacktrace">java.lang.ArithmeticException: / by zero
	at examplePackageForTestNg.Calculator.div1(Calculator.java:21)
	at examplePackageForTestNg.CalculatorTest2.devideByZeroTest(CalculatorTest2.java:54)
	at java.base/java.util.concurrent.ThreadPoolExecutor.runWorker(ThreadPoolExecutor.java:1136)
	at java.base/java.util.concurrent.ThreadPoolExecutor$Worker.run(ThreadPoolExecutor.java:635)
	at java.base/java.lang.Thread.run(Thread.java:833)
... Removed 10 stack frames</div></td></tr></table><p class="totop"><a href="#summary">back to summary</a></p><h3 id="m18">examplePackageForTestNg.CalculatorTest2#mul1Test</h3><table class="result"></table><p class="totop"><a href="#summary">back to summary</a></p><h3 id="m19">examplePackageForTestNg.CalculatorTest2#sub1Test</h3><table class="result"></table><p class="totop"><a href="#summary">back to summary</a></p><h3 id="m20">examplePackageForTestNg.CalculatorTest2#sub2Test</h3><table class="result"></table><p class="totop"><a href="#summary">back to summary</a></p><h3 id="m21">examplePackageForTestNg.CalculatorTest3#add0Test</h3><table class="result"></table><p class="totop"><a href="#summary">back to summary</a></p><h3 id="m22">examplePackageForTestNg.CalculatorTest3#add1Test</h3><table class="result"></table><p class="totop"><a href="#summary">back to summary</a></p><h3 id="m23">examplePackageForTestNg.CalculatorTest3#add2Test</h3><table class="result"></table><p class="totop"><a href="#summary">back to summary</a></p><h2>CalculatorTestTestngSuite2</h2><h3 id="m24">examplePackageForTestNg.CalculatorTest3#add0Test</h3><table class="result"></table><p class="totop"><a href="#summary">back to summary</a></p><h3 id="m25">examplePackageForTestNg.CalculatorTest3#add1Test</h3><table class="result"></table><p class="totop"><a href="#summary">back to summary</a></p><h3 id="m26">examplePackageForTestNg.CalculatorTest3#add2Test</h3><table class="result"></table><p class="totop"><a href="#summary">back to summary</a></p><h2>CalculatorTestTestngSuiteForGroupExample</h2></body></html>