<?xml version="1.0" encoding="UTF-8"?>
<testng-results total="27" passed="21" failed="4" skipped="2">
  <reporter-output>
  </reporter-output>
  <suite started-at="2022-03-24T17:51:07Z" name="Suite" finished-at="2022-03-24T17:51:08Z" duration-ms="770">
    <groups>
      <group name="AdditionTests">
        <method signature="CalculatorTest3.add1Test()[pri:0, instance:examplePackageForTestNg.CalculatorTest3@c7045b9]" name="add1Test" class="examplePackageForTestNg.CalculatorTest3"/>
        <method signature="CalculatorTest3.add1Test()[pri:0, instance:examplePackageForTestNg.CalculatorTest3@409c54f]" name="add1Test" class="examplePackageForTestNg.CalculatorTest3"/>
      </group> <!-- AdditionTests -->
    </groups>
    <test started-at="2022-03-24T17:51:07Z" name="CalculatorTestTestngSuite1" finished-at="2022-03-24T17:51:07Z" duration-ms="456">
      <class name="examplePackageForTestNg.CalculatorTest">
        <test-method signature="add3Test()[pri:0, instance:examplePackageForTestNg.CalculatorTest@6676f6a0]" started-at="2022-03-24T23:21:07Z" name="add3Test" finished-at="2022-03-24T23:21:07Z" duration-ms="82" status="PASS">
          <reporter-output>
          </reporter-output>
        </test-method> <!-- add3Test -->
        <test-method signature="add1Test()[pri:0, instance:examplePackageForTestNg.CalculatorTest@6676f6a0]" started-at="2022-03-24T23:21:07Z" name="add1Test" finished-at="2022-03-24T23:21:07Z" duration-ms="39" status="FAIL">
          <exception class="java.lang.AssertionError">
            <message>
              <![CDATA[expected [10] but found [111]]]>
            </message>
            <full-stacktrace>
              <![CDATA[java.lang.AssertionError: expected [10] but found [111]
	at org.testng.Assert.fail(Assert.java:94)
	at org.testng.Assert.failNotEquals(Assert.java:494)
	at org.testng.Assert.assertEquals(Assert.java:123)
	at org.testng.Assert.assertEquals(Assert.java:370)
	at org.testng.Assert.assertEquals(Assert.java:380)
	at examplePackageForTestNg.CalculatorTest.add1Test(CalculatorTest.java:13)
	at java.base/jdk.internal.reflect.NativeMethodAccessorImpl.invoke0(Native Method)
	at java.base/jdk.internal.reflect.NativeMethodAccessorImpl.invoke(NativeMethodAccessorImpl.java:77)
	at java.base/jdk.internal.reflect.DelegatingMethodAccessorImpl.invoke(DelegatingMethodAccessorImpl.java:43)
	at java.base/java.lang.reflect.Method.invoke(Method.java:568)
	at org.testng.internal.MethodInvocationHelper.invokeMethod(MethodInvocationHelper.java:84)
	at org.testng.internal.Invoker.invokeMethod(Invoker.java:714)
	at org.testng.internal.Invoker.invokeTestMethod(Invoker.java:901)
	at org.testng.internal.Invoker.invokeTestMethods(Invoker.java:1231)
	at org.testng.internal.TestMethodWorker.invokeTestMethods(TestMethodWorker.java:127)
	at org.testng.internal.TestMethodWorker.run(TestMethodWorker.java:111)
	at java.base/java.util.concurrent.ThreadPoolExecutor.runWorker(ThreadPoolExecutor.java:1136)
	at java.base/java.util.concurrent.ThreadPoolExecutor$Worker.run(ThreadPoolExecutor.java:635)
	at java.base/java.lang.Thread.run(Thread.java:833)
]]>
            </full-stacktrace>
          </exception> <!-- java.lang.AssertionError -->
          <reporter-output>
          </reporter-output>
        </test-method> <!-- add1Test -->
        <test-method signature="add2Test()[pri:0, instance:examplePackageForTestNg.CalculatorTest@6676f6a0]" started-at="2022-03-24T23:21:07Z" name="add2Test" finished-at="2022-03-24T23:21:07Z" duration-ms="17" status="FAIL">
          <exception class="java.lang.AssertionError">
            <message>
              <![CDATA[expected [9] but found [11]]]>
            </message>
            <full-stacktrace>
              <![CDATA[java.lang.AssertionError: expected [9] but found [11]
	at org.testng.Assert.fail(Assert.java:94)
	at org.testng.Assert.failNotEquals(Assert.java:494)
	at org.testng.Assert.assertEquals(Assert.java:123)
	at org.testng.Assert.assertEquals(Assert.java:370)
	at org.testng.Assert.assertEquals(Assert.java:380)
	at examplePackageForTestNg.CalculatorTest.add2Test(CalculatorTest.java:18)
	at java.base/jdk.internal.reflect.NativeMethodAccessorImpl.invoke0(Native Method)
	at java.base/jdk.internal.reflect.NativeMethodAccessorImpl.invoke(NativeMethodAccessorImpl.java:77)
	at java.base/jdk.internal.reflect.DelegatingMethodAccessorImpl.invoke(DelegatingMethodAccessorImpl.java:43)
	at java.base/java.lang.reflect.Method.invoke(Method.java:568)
	at org.testng.internal.MethodInvocationHelper.invokeMethod(MethodInvocationHelper.java:84)
	at org.testng.internal.Invoker.invokeMethod(Invoker.java:714)
	at org.testng.internal.Invoker.invokeTestMethod(Invoker.java:901)
	at org.testng.internal.Invoker.invokeTestMethods(Invoker.java:1231)
	at org.testng.internal.TestMethodWorker.invokeTestMethods(TestMethodWorker.java:127)
	at org.testng.internal.TestMethodWorker.run(TestMethodWorker.java:111)
	at java.base/java.util.concurrent.ThreadPoolExecutor.runWorker(ThreadPoolExecutor.java:1136)
	at java.base/java.util.concurrent.ThreadPoolExecutor$Worker.run(ThreadPoolExecutor.java:635)
	at java.base/java.lang.Thread.run(Thread.java:833)
]]>
            </full-stacktrace>
          </exception> <!-- java.lang.AssertionError -->
          <reporter-output>
          </reporter-output>
        </test-method> <!-- add2Test -->
        <test-method signature="sub1Test()[pri:0, instance:examplePackageForTestNg.CalculatorTest@6676f6a0]" started-at="2022-03-24T23:21:07Z" name="sub1Test" finished-at="2022-03-24T23:21:07Z" duration-ms="38" status="PASS">
          <reporter-output>
          </reporter-output>
        </test-method> <!-- sub1Test -->
        <test-method signature="sub2Test()[pri:0, instance:examplePackageForTestNg.CalculatorTest@6676f6a0]" started-at="2022-03-24T23:21:07Z" name="sub2Test" finished-at="2022-03-24T23:21:07Z" duration-ms="149" status="PASS">
          <reporter-output>
          </reporter-output>
        </test-method> <!-- sub2Test -->
        <test-method signature="mul1Test()[pri:0, instance:examplePackageForTestNg.CalculatorTest@6676f6a0]" started-at="2022-03-24T23:21:07Z" name="mul1Test" finished-at="2022-03-24T23:21:07Z" duration-ms="77" status="PASS">
          <reporter-output>
          </reporter-output>
        </test-method> <!-- mul1Test -->
        <test-method signature="devideByZeroTest()[pri:0, instance:examplePackageForTestNg.CalculatorTest@6676f6a0]" started-at="2022-03-24T23:21:07Z" name="devideByZeroTest" finished-at="2022-03-24T23:21:07Z" duration-ms="39" status="PASS">
          <exception class="java.lang.ArithmeticException">
            <message>
              <![CDATA[/ by zero]]>
            </message>
            <full-stacktrace>
              <![CDATA[java.lang.ArithmeticException: / by zero
	at examplePackageForTestNg.Calculator.div1(Calculator.java:21)
	at examplePackageForTestNg.CalculatorTest.devideByZeroTest(CalculatorTest.java:50)
	at java.base/jdk.internal.reflect.NativeMethodAccessorImpl.invoke0(Native Method)
	at java.base/jdk.internal.reflect.NativeMethodAccessorImpl.invoke(NativeMethodAccessorImpl.java:77)
	at java.base/jdk.internal.reflect.DelegatingMethodAccessorImpl.invoke(DelegatingMethodAccessorImpl.java:43)
	at java.base/java.lang.reflect.Method.invoke(Method.java:568)
	at org.testng.internal.MethodInvocationHelper.invokeMethod(MethodInvocationHelper.java:84)
	at org.testng.internal.Invoker.invokeMethod(Invoker.java:714)
	at org.testng.internal.Invoker.invokeTestMethod(Invoker.java:901)
	at org.testng.internal.Invoker.invokeTestMethods(Invoker.java:1231)
	at org.testng.internal.TestMethodWorker.invokeTestMethods(TestMethodWorker.java:127)
	at org.testng.internal.TestMethodWorker.run(TestMethodWorker.java:111)
	at java.base/java.util.concurrent.ThreadPoolExecutor.runWorker(ThreadPoolExecutor.java:1136)
	at java.base/java.util.concurrent.ThreadPoolExecutor$Worker.run(ThreadPoolExecutor.java:635)
	at java.base/java.lang.Thread.run(Thread.java:833)
]]>
            </full-stacktrace>
          </exception> <!-- java.lang.ArithmeticException -->
          <reporter-output>
          </reporter-output>
        </test-method> <!-- devideByZeroTest -->
        <test-method signature="add4Test()[pri:0, instance:examplePackageForTestNg.CalculatorTest@6676f6a0]" started-at="2022-03-24T23:21:07Z" name="add4Test" finished-at="2022-03-24T23:21:07Z" depends-on-methods="examplePackageForTestNg.CalculatorTest.add2Test" duration-ms="2" status="SKIP">
          <reporter-output>
          </reporter-output>
        </test-method> <!-- add4Test -->
      </class> <!-- examplePackageForTestNg.CalculatorTest -->
      <class name="examplePackageForTestNg.CalculatorTest3">
        <test-method is-config="true" signature="beforeTest()[pri:0, instance:examplePackageForTestNg.CalculatorTest3@c7045b9]" started-at="2022-03-24T23:21:07Z" name="beforeTest" finished-at="2022-03-24T23:21:07Z" duration-ms="3" status="PASS">
          <reporter-output>
          </reporter-output>
        </test-method> <!-- beforeTest -->
        <test-method is-config="true" signature="beforeClass()[pri:0, instance:examplePackageForTestNg.CalculatorTest3@c7045b9]" started-at="2022-03-24T23:21:07Z" name="beforeClass" finished-at="2022-03-24T23:21:07Z" duration-ms="1" status="PASS">
          <reporter-output>
          </reporter-output>
        </test-method> <!-- beforeClass -->
        <test-method is-config="true" signature="beforeMethod()[pri:0, instance:examplePackageForTestNg.CalculatorTest3@c7045b9]" started-at="2022-03-24T23:21:07Z" name="beforeMethod" finished-at="2022-03-24T23:21:07Z" duration-ms="1" status="PASS">
          <reporter-output>
          </reporter-output>
        </test-method> <!-- beforeMethod -->
        <test-method signature="add0Test()[pri:0, instance:examplePackageForTestNg.CalculatorTest3@c7045b9]" started-at="2022-03-24T23:21:07Z" name="add0Test" finished-at="2022-03-24T23:21:07Z" duration-ms="29" status="PASS">
          <reporter-output>
          </reporter-output>
        </test-method> <!-- add0Test -->
        <test-method is-config="true" signature="afterMethod()[pri:0, instance:examplePackageForTestNg.CalculatorTest3@c7045b9]" started-at="2022-03-24T23:21:07Z" name="afterMethod" finished-at="2022-03-24T23:21:07Z" duration-ms="1" status="PASS">
          <reporter-output>
          </reporter-output>
        </test-method> <!-- afterMethod -->
        <test-method is-config="true" signature="beforeMethod()[pri:0, instance:examplePackageForTestNg.CalculatorTest3@c7045b9]" started-at="2022-03-24T23:21:07Z" name="beforeMethod" finished-at="2022-03-24T23:21:07Z" duration-ms="1" status="PASS">
          <reporter-output>
          </reporter-output>
        </test-method> <!-- beforeMethod -->
        <test-method signature="add2Test()[pri:0, instance:examplePackageForTestNg.CalculatorTest3@c7045b9]" started-at="2022-03-24T23:21:07Z" name="add2Test" finished-at="2022-03-24T23:21:07Z" duration-ms="8" status="PASS">
          <reporter-output>
          </reporter-output>
        </test-method> <!-- add2Test -->
        <test-method is-config="true" signature="beforeMethod()[pri:0, instance:examplePackageForTestNg.CalculatorTest3@c7045b9]" started-at="2022-03-24T23:21:07Z" name="beforeMethod" finished-at="2022-03-24T23:21:07Z" duration-ms="2" status="PASS">
          <reporter-output>
          </reporter-output>
        </test-method> <!-- beforeMethod -->
        <test-method signature="add1Test()[pri:0, instance:examplePackageForTestNg.CalculatorTest3@c7045b9]" started-at="2022-03-24T23:21:07Z" name="add1Test" finished-at="2022-03-24T23:21:07Z" duration-ms="210" status="PASS">
          <reporter-output>
          </reporter-output>
        </test-method> <!-- add1Test -->
        <test-method is-config="true" signature="afterMethod()[pri:0, instance:examplePackageForTestNg.CalculatorTest3@c7045b9]" started-at="2022-03-24T23:21:07Z" name="afterMethod" finished-at="2022-03-24T23:21:07Z" duration-ms="5" status="PASS">
          <reporter-output>
          </reporter-output>
        </test-method> <!-- afterMethod -->
        <test-method is-config="true" signature="afterMethod()[pri:0, instance:examplePackageForTestNg.CalculatorTest3@c7045b9]" started-at="2022-03-24T23:21:07Z" name="afterMethod" finished-at="2022-03-24T23:21:07Z" duration-ms="1" status="PASS">
          <reporter-output>
          </reporter-output>
        </test-method> <!-- afterMethod -->
        <test-method is-config="true" signature="afterClass()[pri:0, instance:examplePackageForTestNg.CalculatorTest3@c7045b9]" started-at="2022-03-24T23:21:07Z" name="afterClass" finished-at="2022-03-24T23:21:07Z" duration-ms="1" status="PASS">
          <reporter-output>
          </reporter-output>
        </test-method> <!-- afterClass -->
        <test-method is-config="true" signature="afterTest()[pri:0, instance:examplePackageForTestNg.CalculatorTest3@c7045b9]" started-at="2022-03-24T23:21:07Z" name="afterTest" finished-at="2022-03-24T23:21:07Z" duration-ms="1" status="PASS">
          <reporter-output>
          </reporter-output>
        </test-method> <!-- afterTest -->
      </class> <!-- examplePackageForTestNg.CalculatorTest3 -->
      <class name="examplePackageForTestNg.CalculatorTest2">
        <test-method signature="add1Test()[pri:0, instance:examplePackageForTestNg.CalculatorTest2@147a5d08]" started-at="2022-03-24T23:21:07Z" name="add1Test" finished-at="2022-03-24T23:21:07Z" duration-ms="13" status="PASS">
          <reporter-output>
          </reporter-output>
        </test-method> <!-- add1Test -->
        <test-method signature="add3Test()[pri:0, instance:examplePackageForTestNg.CalculatorTest2@147a5d08]" started-at="2022-03-24T23:21:07Z" name="add3Test" finished-at="2022-03-24T23:21:07Z" duration-ms="75" status="PASS">
          <reporter-output>
          </reporter-output>
        </test-method> <!-- add3Test -->
        <test-method signature="add0TestDP(int, int, int)[pri:0, instance:examplePackageForTestNg.CalculatorTest2@147a5d08]" started-at="2022-03-24T23:21:07Z" name="add0TestDP" data-provider="dp_add" finished-at="2022-03-24T23:21:07Z" duration-ms="42" status="PASS">
          <params>
            <param index="0">
              <value>
                <![CDATA[10]]>
              </value>
            </param>
            <param index="1">
              <value>
                <![CDATA[5]]>
              </value>
            </param>
            <param index="2">
              <value>
                <![CDATA[5]]>
              </value>
            </param>
          </params>
          <reporter-output>
          </reporter-output>
        </test-method> <!-- add0TestDP -->
        <test-method signature="add0TestDP(int, int, int)[pri:0, instance:examplePackageForTestNg.CalculatorTest2@147a5d08]" started-at="2022-03-24T23:21:07Z" name="add0TestDP" data-provider="dp_add" finished-at="2022-03-24T23:21:07Z" duration-ms="10" status="PASS">
          <params>
            <param index="0">
              <value>
                <![CDATA[8]]>
              </value>
            </param>
            <param index="1">
              <value>
                <![CDATA[4]]>
              </value>
            </param>
            <param index="2">
              <value>
                <![CDATA[4]]>
              </value>
            </param>
          </params>
          <reporter-output>
          </reporter-output>
        </test-method> <!-- add0TestDP -->
        <test-method signature="add0TestDP(int, int, int)[pri:0, instance:examplePackageForTestNg.CalculatorTest2@147a5d08]" started-at="2022-03-24T23:21:07Z" name="add0TestDP" data-provider="dp_add" finished-at="2022-03-24T23:21:07Z" duration-ms="36" status="PASS">
          <params>
            <param index="0">
              <value>
                <![CDATA[9]]>
              </value>
            </param>
            <param index="1">
              <value>
                <![CDATA[5]]>
              </value>
            </param>
            <param index="2">
              <value>
                <![CDATA[4]]>
              </value>
            </param>
          </params>
          <reporter-output>
          </reporter-output>
        </test-method> <!-- add0TestDP -->
        <test-method signature="add2Test()[pri:0, instance:examplePackageForTestNg.CalculatorTest2@147a5d08]" started-at="2022-03-24T23:21:07Z" name="add2Test" finished-at="2022-03-24T23:21:07Z" duration-ms="17" status="FAIL">
          <exception class="java.lang.AssertionError">
            <message>
              <![CDATA[expected [9] but found [11]]]>
            </message>
            <full-stacktrace>
              <![CDATA[java.lang.AssertionError: expected [9] but found [11]
	at org.testng.Assert.fail(Assert.java:94)
	at org.testng.Assert.failNotEquals(Assert.java:494)
	at org.testng.Assert.assertEquals(Assert.java:123)
	at org.testng.Assert.assertEquals(Assert.java:370)
	at org.testng.Assert.assertEquals(Assert.java:380)
	at examplePackageForTestNg.CalculatorTest2.add2Test(CalculatorTest2.java:21)
	at java.base/jdk.internal.reflect.NativeMethodAccessorImpl.invoke0(Native Method)
	at java.base/jdk.internal.reflect.NativeMethodAccessorImpl.invoke(NativeMethodAccessorImpl.java:77)
	at java.base/jdk.internal.reflect.DelegatingMethodAccessorImpl.invoke(DelegatingMethodAccessorImpl.java:43)
	at java.base/java.lang.reflect.Method.invoke(Method.java:568)
	at org.testng.internal.MethodInvocationHelper.invokeMethod(MethodInvocationHelper.java:84)
	at org.testng.internal.Invoker.invokeMethod(Invoker.java:714)
	at org.testng.internal.Invoker.invokeTestMethod(Invoker.java:901)
	at org.testng.internal.Invoker.invokeTestMethods(Invoker.java:1231)
	at org.testng.internal.TestMethodWorker.invokeTestMethods(TestMethodWorker.java:127)
	at org.testng.internal.TestMethodWorker.run(TestMethodWorker.java:111)
	at java.base/java.util.concurrent.ThreadPoolExecutor.runWorker(ThreadPoolExecutor.java:1136)
	at java.base/java.util.concurrent.ThreadPoolExecutor$Worker.run(ThreadPoolExecutor.java:635)
	at java.base/java.lang.Thread.run(Thread.java:833)
]]>
            </full-stacktrace>
          </exception> <!-- java.lang.AssertionError -->
          <reporter-output>
          </reporter-output>
        </test-method> <!-- add2Test -->
        <test-method signature="sub1Test()[pri:0, instance:examplePackageForTestNg.CalculatorTest2@147a5d08]" started-at="2022-03-24T23:21:07Z" name="sub1Test" finished-at="2022-03-24T23:21:07Z" duration-ms="4" status="PASS">
          <reporter-output>
          </reporter-output>
        </test-method> <!-- sub1Test -->
        <test-method signature="sub2Test()[pri:0, instance:examplePackageForTestNg.CalculatorTest2@147a5d08]" started-at="2022-03-24T23:21:07Z" name="sub2Test" finished-at="2022-03-24T23:21:07Z" duration-ms="7" status="PASS">
          <reporter-output>
          </reporter-output>
        </test-method> <!-- sub2Test -->
        <test-method signature="mul1Test()[pri:0, instance:examplePackageForTestNg.CalculatorTest2@147a5d08]" started-at="2022-03-24T23:21:07Z" name="mul1Test" finished-at="2022-03-24T23:21:07Z" duration-ms="4" status="PASS">
          <reporter-output>
          </reporter-output>
        </test-method> <!-- mul1Test -->
        <test-method signature="add0TestDP(int, int, int)[pri:0, instance:examplePackageForTestNg.CalculatorTest2@147a5d08]" started-at="2022-03-24T23:21:07Z" name="add0TestDP" data-provider="dp_add" finished-at="2022-03-24T23:21:07Z" duration-ms="5" status="FAIL">
          <params>
            <param index="0">
              <value>
                <![CDATA[11]]>
              </value>
            </param>
            <param index="1">
              <value>
                <![CDATA[5]]>
              </value>
            </param>
            <param index="2">
              <value>
                <![CDATA[5]]>
              </value>
            </param>
          </params>
          <exception class="java.lang.AssertionError">
            <message>
              <![CDATA[expected [10] but found [11]]]>
            </message>
            <full-stacktrace>
              <![CDATA[java.lang.AssertionError: expected [10] but found [11]
	at org.testng.Assert.fail(Assert.java:94)
	at org.testng.Assert.failNotEquals(Assert.java:494)
	at org.testng.Assert.assertEquals(Assert.java:123)
	at org.testng.Assert.assertEquals(Assert.java:370)
	at org.testng.Assert.assertEquals(Assert.java:380)
	at examplePackageForTestNg.CalculatorTest2.add0TestDP(CalculatorTest2.java:59)
	at java.base/jdk.internal.reflect.NativeMethodAccessorImpl.invoke0(Native Method)
	at java.base/jdk.internal.reflect.NativeMethodAccessorImpl.invoke(NativeMethodAccessorImpl.java:77)
	at java.base/jdk.internal.reflect.DelegatingMethodAccessorImpl.invoke(DelegatingMethodAccessorImpl.java:43)
	at java.base/java.lang.reflect.Method.invoke(Method.java:568)
	at org.testng.internal.MethodInvocationHelper.invokeMethod(MethodInvocationHelper.java:84)
	at org.testng.internal.Invoker.invokeMethod(Invoker.java:714)
	at org.testng.internal.Invoker.invokeTestMethod(Invoker.java:901)
	at org.testng.internal.Invoker.invokeTestMethods(Invoker.java:1231)
	at org.testng.internal.TestMethodWorker.invokeTestMethods(TestMethodWorker.java:127)
	at org.testng.internal.TestMethodWorker.run(TestMethodWorker.java:111)
	at java.base/java.util.concurrent.ThreadPoolExecutor.runWorker(ThreadPoolExecutor.java:1136)
	at java.base/java.util.concurrent.ThreadPoolExecutor$Worker.run(ThreadPoolExecutor.java:635)
	at java.base/java.lang.Thread.run(Thread.java:833)
]]>
            </full-stacktrace>
          </exception> <!-- java.lang.AssertionError -->
          <reporter-output>
          </reporter-output>
        </test-method> <!-- add0TestDP -->
        <test-method signature="add0TestDP(int, int, int)[pri:0, instance:examplePackageForTestNg.CalculatorTest2@147a5d08]" started-at="2022-03-24T23:21:07Z" name="add0TestDP" data-provider="dp_add" finished-at="2022-03-24T23:21:07Z" duration-ms="8" status="PASS">
          <params>
            <param index="0">
              <value>
                <![CDATA[10]]>
              </value>
            </param>
            <param index="1">
              <value>
                <![CDATA[9]]>
              </value>
            </param>
            <param index="2">
              <value>
                <![CDATA[1]]>
              </value>
            </param>
          </params>
          <reporter-output>
          </reporter-output>
        </test-method> <!-- add0TestDP -->
        <test-method signature="devideByZeroTest()[pri:0, instance:examplePackageForTestNg.CalculatorTest2@147a5d08]" started-at="2022-03-24T23:21:07Z" name="devideByZeroTest" finished-at="2022-03-24T23:21:07Z" duration-ms="11" status="PASS">
          <exception class="java.lang.ArithmeticException">
            <message>
              <![CDATA[/ by zero]]>
            </message>
            <full-stacktrace>
              <![CDATA[java.lang.ArithmeticException: / by zero
	at examplePackageForTestNg.Calculator.div1(Calculator.java:21)
	at examplePackageForTestNg.CalculatorTest2.devideByZeroTest(CalculatorTest2.java:54)
	at java.base/jdk.internal.reflect.NativeMethodAccessorImpl.invoke0(Native Method)
	at java.base/jdk.internal.reflect.NativeMethodAccessorImpl.invoke(NativeMethodAccessorImpl.java:77)
	at java.base/jdk.internal.reflect.DelegatingMethodAccessorImpl.invoke(DelegatingMethodAccessorImpl.java:43)
	at java.base/java.lang.reflect.Method.invoke(Method.java:568)
	at org.testng.internal.MethodInvocationHelper.invokeMethod(MethodInvocationHelper.java:84)
	at org.testng.internal.Invoker.invokeMethod(Invoker.java:714)
	at org.testng.internal.Invoker.invokeTestMethod(Invoker.java:901)
	at org.testng.internal.Invoker.invokeTestMethods(Invoker.java:1231)
	at org.testng.internal.TestMethodWorker.invokeTestMethods(TestMethodWorker.java:127)
	at org.testng.internal.TestMethodWorker.run(TestMethodWorker.java:111)
	at java.base/java.util.concurrent.ThreadPoolExecutor.runWorker(ThreadPoolExecutor.java:1136)
	at java.base/java.util.concurrent.ThreadPoolExecutor$Worker.run(ThreadPoolExecutor.java:635)
	at java.base/java.lang.Thread.run(Thread.java:833)
]]>
            </full-stacktrace>
          </exception> <!-- java.lang.ArithmeticException -->
          <reporter-output>
          </reporter-output>
        </test-method> <!-- devideByZeroTest -->
        <test-method signature="add4Test()[pri:0, instance:examplePackageForTestNg.CalculatorTest2@147a5d08]" started-at="2022-03-24T23:21:07Z" name="add4Test" finished-at="2022-03-24T23:21:07Z" depends-on-methods="examplePackageForTestNg.CalculatorTest2.add2Test" duration-ms="0" status="SKIP">
          <reporter-output>
          </reporter-output>
        </test-method> <!-- add4Test -->
      </class> <!-- examplePackageForTestNg.CalculatorTest2 -->
    </test> <!-- CalculatorTestTestngSuite1 -->
    <test started-at="2022-03-24T17:51:08Z" name="CalculatorTestTestngSuite2" finished-at="2022-03-24T17:51:08Z" duration-ms="40">
      <class name="examplePackageForTestNg.CalculatorTest3">
        <test-method is-config="true" signature="beforeTest()[pri:0, instance:examplePackageForTestNg.CalculatorTest3@409c54f]" started-at="2022-03-24T23:21:08Z" name="beforeTest" finished-at="2022-03-24T23:21:08Z" duration-ms="3" status="PASS">
          <reporter-output>
          </reporter-output>
        </test-method> <!-- beforeTest -->
        <test-method is-config="true" signature="beforeClass()[pri:0, instance:examplePackageForTestNg.CalculatorTest3@409c54f]" started-at="2022-03-24T23:21:08Z" name="beforeClass" finished-at="2022-03-24T23:21:08Z" duration-ms="1" status="PASS">
          <reporter-output>
          </reporter-output>
        </test-method> <!-- beforeClass -->
        <test-method is-config="true" signature="beforeMethod()[pri:0, instance:examplePackageForTestNg.CalculatorTest3@409c54f]" started-at="2022-03-24T23:21:08Z" name="beforeMethod" finished-at="2022-03-24T23:21:08Z" duration-ms="1" status="PASS">
          <reporter-output>
          </reporter-output>
        </test-method> <!-- beforeMethod -->
        <test-method signature="add0Test()[pri:0, instance:examplePackageForTestNg.CalculatorTest3@409c54f]" started-at="2022-03-24T23:21:08Z" name="add0Test" finished-at="2022-03-24T23:21:08Z" duration-ms="4" status="PASS">
          <reporter-output>
          </reporter-output>
        </test-method> <!-- add0Test -->
        <test-method is-config="true" signature="afterMethod()[pri:0, instance:examplePackageForTestNg.CalculatorTest3@409c54f]" started-at="2022-03-24T23:21:08Z" name="afterMethod" finished-at="2022-03-24T23:21:08Z" duration-ms="1" status="PASS">
          <reporter-output>
          </reporter-output>
        </test-method> <!-- afterMethod -->
        <test-method is-config="true" signature="beforeMethod()[pri:0, instance:examplePackageForTestNg.CalculatorTest3@409c54f]" started-at="2022-03-24T23:21:08Z" name="beforeMethod" finished-at="2022-03-24T23:21:08Z" duration-ms="1" status="PASS">
          <reporter-output>
          </reporter-output>
        </test-method> <!-- beforeMethod -->
        <test-method signature="add1Test()[pri:0, instance:examplePackageForTestNg.CalculatorTest3@409c54f]" started-at="2022-03-24T23:21:08Z" name="add1Test" finished-at="2022-03-24T23:21:08Z" duration-ms="4" status="PASS">
          <reporter-output>
          </reporter-output>
        </test-method> <!-- add1Test -->
        <test-method is-config="true" signature="afterMethod()[pri:0, instance:examplePackageForTestNg.CalculatorTest3@409c54f]" started-at="2022-03-24T23:21:08Z" name="afterMethod" finished-at="2022-03-24T23:21:08Z" duration-ms="2" status="PASS">
          <reporter-output>
          </reporter-output>
        </test-method> <!-- afterMethod -->
        <test-method is-config="true" signature="beforeMethod()[pri:0, instance:examplePackageForTestNg.CalculatorTest3@409c54f]" started-at="2022-03-24T23:21:08Z" name="beforeMethod" finished-at="2022-03-24T23:21:08Z" duration-ms="1" status="PASS">
          <reporter-output>
          </reporter-output>
        </test-method> <!-- beforeMethod -->
        <test-method signature="add2Test()[pri:0, instance:examplePackageForTestNg.CalculatorTest3@409c54f]" started-at="2022-03-24T23:21:08Z" name="add2Test" finished-at="2022-03-24T23:21:08Z" duration-ms="3" status="PASS">
          <reporter-output>
          </reporter-output>
        </test-method> <!-- add2Test -->
        <test-method is-config="true" signature="afterMethod()[pri:0, instance:examplePackageForTestNg.CalculatorTest3@409c54f]" started-at="2022-03-24T23:21:08Z" name="afterMethod" finished-at="2022-03-24T23:21:08Z" duration-ms="0" status="PASS">
          <reporter-output>
          </reporter-output>
        </test-method> <!-- afterMethod -->
        <test-method is-config="true" signature="afterClass()[pri:0, instance:examplePackageForTestNg.CalculatorTest3@409c54f]" started-at="2022-03-24T23:21:08Z" name="afterClass" finished-at="2022-03-24T23:21:08Z" duration-ms="0" status="PASS">
          <reporter-output>
          </reporter-output>
        </test-method> <!-- afterClass -->
        <test-method is-config="true" signature="afterTest()[pri:0, instance:examplePackageForTestNg.CalculatorTest3@409c54f]" started-at="2022-03-24T23:21:08Z" name="afterTest" finished-at="2022-03-24T23:21:08Z" duration-ms="1" status="PASS">
          <reporter-output>
          </reporter-output>
        </test-method> <!-- afterTest -->
      </class> <!-- examplePackageForTestNg.CalculatorTest3 -->
    </test> <!-- CalculatorTestTestngSuite2 -->
    <test started-at="2022-03-24T17:51:08Z" name="CalculatorTestTestngSuiteForGroupExample" finished-at="2022-03-24T17:51:08Z" duration-ms="3">
      <class name="examplePackageForTestNg.CalculatorTest3">
        <test-method is-config="true" signature="beforeSuite()[pri:0, instance:examplePackageForTestNg.CalculatorTest3@409c54f]" started-at="2022-03-24T23:21:07Z" name="beforeSuite" finished-at="2022-03-24T23:21:07Z" duration-ms="33" status="PASS">
          <reporter-output>
          </reporter-output>
        </test-method> <!-- beforeSuite -->
        <test-method is-config="true" signature="afterSuite()[pri:0, instance:examplePackageForTestNg.CalculatorTest3@409c54f]" started-at="2022-03-24T23:21:08Z" name="afterSuite" finished-at="2022-03-24T23:21:08Z" duration-ms="2" status="PASS">
          <reporter-output>
          </reporter-output>
        </test-method> <!-- afterSuite -->
      </class> <!-- examplePackageForTestNg.CalculatorTest3 -->
    </test> <!-- CalculatorTestTestngSuiteForGroupExample -->
  </suite> <!-- Suite -->
</testng-results>
